CRITICAL - 2023-08-19 09:14:30 --> App\Models\FreeDemoModel::__construct(): Argument #1 ($db) must be of type CodeIgniter\Database\ConnectionInterface, null given, called in C:\xampp\htdocs\enatyam\app\Controllers\FreeDemoController.php on line 13
in APPPATH\Models\FreeDemoModel.php on line 8.
 1 APPPATH\Controllers\FreeDemoController.php(13): App\Models\FreeDemoModel->__construct(null)
 2 SYSTEMPATH\CodeIgniter.php(904): App\Controllers\FreeDemoController->__construct()
 3 SYSTEMPATH\CodeIgniter.php(488): CodeIgniter\CodeIgniter->createController()
 4 SYSTEMPATH\CodeIgniter.php(366): CodeIgniter\CodeIgniter->handleRequest(null, Object(Config\Cache), false)
 5 FCPATH\index.php(67): CodeIgniter\CodeIgniter->run()
CRITICAL - 2023-08-19 09:17:16 --> App\Models\FreeDemoModel::__construct(): Argument #1 ($db) must be of type CodeIgniter\Database\ConnectionInterface, null given, called in C:\xampp\htdocs\enatyam\app\Controllers\FreeDemoController.php on line 13
in APPPATH\Models\FreeDemoModel.php on line 8.
 1 APPPATH\Controllers\FreeDemoController.php(13): App\Models\FreeDemoModel->__construct(null)
 2 SYSTEMPATH\CodeIgniter.php(904): App\Controllers\FreeDemoController->__construct()
 3 SYSTEMPATH\CodeIgniter.php(488): CodeIgniter\CodeIgniter->createController()
 4 SYSTEMPATH\CodeIgniter.php(366): CodeIgniter\CodeIgniter->handleRequest(null, Object(Config\Cache), false)
 5 FCPATH\index.php(67): CodeIgniter\CodeIgniter->run()
CRITICAL - 2023-08-19 09:17:29 --> App\Models\FreeDemoModel::__construct(): Argument #1 ($db) must be of type CodeIgniter\Database\ConnectionInterface, null given, called in C:\xampp\htdocs\enatyam\app\Controllers\FreeDemoController.php on line 13
in APPPATH\Models\FreeDemoModel.php on line 8.
 1 APPPATH\Controllers\FreeDemoController.php(13): App\Models\FreeDemoModel->__construct(null)
 2 SYSTEMPATH\CodeIgniter.php(904): App\Controllers\FreeDemoController->__construct()
 3 SYSTEMPATH\CodeIgniter.php(488): CodeIgniter\CodeIgniter->createController()
 4 SYSTEMPATH\CodeIgniter.php(366): CodeIgniter\CodeIgniter->handleRequest(null, Object(Config\Cache), false)
 5 FCPATH\index.php(67): CodeIgniter\CodeIgniter->run()
CRITICAL - 2023-08-19 09:20:05 --> App\Models\FreeDemoModel::__construct(): Argument #1 ($db) must be of type CodeIgniter\Database\ConnectionInterface, null given, called in C:\xampp\htdocs\enatyam\app\Controllers\FreeDemoController.php on line 13
in APPPATH\Models\FreeDemoModel.php on line 8.
 1 APPPATH\Controllers\FreeDemoController.php(13): App\Models\FreeDemoModel->__construct(null)
 2 SYSTEMPATH\CodeIgniter.php(904): App\Controllers\FreeDemoController->__construct()
 3 SYSTEMPATH\CodeIgniter.php(488): CodeIgniter\CodeIgniter->createController()
 4 SYSTEMPATH\CodeIgniter.php(366): CodeIgniter\CodeIgniter->handleRequest(null, Object(Config\Cache), false)
 5 FCPATH\index.php(67): CodeIgniter\CodeIgniter->run()
CRITICAL - 2023-08-19 09:21:33 --> App\Models\FreeDemoModel::__construct(): Argument #1 ($db) must be of type CodeIgniter\Database\ConnectionInterface, null given, called in C:\xampp\htdocs\enatyam\app\Controllers\FreeDemoController.php on line 13
in APPPATH\Models\FreeDemoModel.php on line 8.
 1 APPPATH\Controllers\FreeDemoController.php(13): App\Models\FreeDemoModel->__construct(null)
 2 SYSTEMPATH\CodeIgniter.php(904): App\Controllers\FreeDemoController->__construct()
 3 SYSTEMPATH\CodeIgniter.php(488): CodeIgniter\CodeIgniter->createController()
 4 SYSTEMPATH\CodeIgniter.php(366): CodeIgniter\CodeIgniter->handleRequest(null, Object(Config\Cache), false)
 5 FCPATH\index.php(67): CodeIgniter\CodeIgniter->run()
CRITICAL - 2023-08-19 11:06:19 --> App\Models\FreeDemoModel::__construct(): Argument #1 ($db) must be of type CodeIgniter\Database\ConnectionInterface, null given, called in C:\xampp\htdocs\enatyam\app\Controllers\FreeDemoController.php on line 13
in APPPATH\Models\FreeDemoModel.php on line 8.
 1 APPPATH\Controllers\FreeDemoController.php(13): App\Models\FreeDemoModel->__construct(null)
 2 SYSTEMPATH\CodeIgniter.php(904): App\Controllers\FreeDemoController->__construct()
 3 SYSTEMPATH\CodeIgniter.php(488): CodeIgniter\CodeIgniter->createController()
 4 SYSTEMPATH\CodeIgniter.php(366): CodeIgniter\CodeIgniter->handleRequest(null, Object(Config\Cache), false)
 5 FCPATH\index.php(67): CodeIgniter\CodeIgniter->run()
CRITICAL - 2023-08-19 11:21:08 --> syntax error, unexpected identifier "add"
in APPPATH\Controllers\FreeDemoController.php on line 32.
 1 SYSTEMPATH\Autoloader\Autoloader.php(289): CodeIgniter\Autoloader\Autoloader->includeFile('C:\\xampp\\htdocs\\enatyam\\app\\Controllers\\FreeDemoController.php')
 2 SYSTEMPATH\Autoloader\Autoloader.php(267): CodeIgniter\Autoloader\Autoloader->loadInNamespace('App\\Controllers\\FreeDemoController')
 3 [internal function]: CodeIgniter\Autoloader\Autoloader->loadClass('App\\Controllers\\FreeDemoController')
 4 SYSTEMPATH\CodeIgniter.php(890): class_exists('\\App\\Controllers\\FreeDemoController', true)
 5 SYSTEMPATH\CodeIgniter.php(484): CodeIgniter\CodeIgniter->startController()
 6 SYSTEMPATH\CodeIgniter.php(366): CodeIgniter\CodeIgniter->handleRequest(null, Object(Config\Cache), false)
 7 FCPATH\index.php(67): CodeIgniter\CodeIgniter->run()
CRITICAL - 2023-08-19 11:28:08 --> Class "App\Models\UserModel" not found
in APPPATH\Controllers\FreeDemoController.php on line 11.
 1 SYSTEMPATH\CodeIgniter.php(904): App\Controllers\FreeDemoController->__construct()
 2 SYSTEMPATH\CodeIgniter.php(488): CodeIgniter\CodeIgniter->createController()
 3 SYSTEMPATH\CodeIgniter.php(366): CodeIgniter\CodeIgniter->handleRequest(null, Object(Config\Cache), false)
 4 FCPATH\index.php(67): CodeIgniter\CodeIgniter->run()
CRITICAL - 2023-08-19 11:29:23 --> Class "App\Models\FreeDemoModel" not found
in APPPATH\Controllers\FreeDemoController.php on line 11.
 1 SYSTEMPATH\CodeIgniter.php(904): App\Controllers\FreeDemoController->__construct()
 2 SYSTEMPATH\CodeIgniter.php(488): CodeIgniter\CodeIgniter->createController()
 3 SYSTEMPATH\CodeIgniter.php(366): CodeIgniter\CodeIgniter->handleRequest(null, Object(Config\Cache), false)
 4 FCPATH\index.php(67): CodeIgniter\CodeIgniter->run()
