CRITICAL - 2023-08-21 05:30:16 --> Invalid file: "StartNowPricing.php"
in SYSTEMPATH\Exceptions\FrameworkException.php on line 33.
 1 SYSTEMPATH\View\View.php(212): CodeIgniter\Exceptions\FrameworkException::forInvalidFile('StartNowPricing.php')
 2 SYSTEMPATH\Common.php(1180): CodeIgniter\View\View->render('StartNowPricing', [], true)
 3 APPPATH\Controllers\Home.php(70): view('StartNowPricing')
 4 SYSTEMPATH\CodeIgniter.php(932): App\Controllers\Home->StartNowPricing()
 5 SYSTEMPATH\CodeIgniter.php(497): CodeIgniter\CodeIgniter->runController(Object(App\Controllers\Home))
 6 SYSTEMPATH\CodeIgniter.php(366): CodeIgniter\CodeIgniter->handleRequest(null, Object(Config\Cache), false)
 7 FCPATH\index.php(67): CodeIgniter\CodeIgniter->run()
CRITICAL - 2023-08-21 05:30:20 --> include(Dancepricing.php): Failed to open stream: No such file or directory
in APPPATH\Views\Dance.php on line 381.
 1 APPPATH\Views\Dance.php(381): CodeIgniter\Debug\Exceptions->errorHandler(2, 'include(Dancepricing.php): Failed to open stream: No such file or directory', 'C:\\xampp\\htdocs\\enatyam\\app\\Views\\Dance.php', 381)
 2 APPPATH\Views\Dance.php(381): include()
 3 SYSTEMPATH\View\View.php(224): include('C:\\xampp\\htdocs\\enatyam\\app\\Views\\Dance.php')
 4 SYSTEMPATH\View\View.php(227): CodeIgniter\View\View->CodeIgniter\View\{closure}()
 5 SYSTEMPATH\Common.php(1180): CodeIgniter\View\View->render('Dance', [], true)
 6 APPPATH\Controllers\Home.php(40): view('Dance')
 7 SYSTEMPATH\CodeIgniter.php(932): App\Controllers\Home->Dance()
 8 SYSTEMPATH\CodeIgniter.php(497): CodeIgniter\CodeIgniter->runController(Object(App\Controllers\Home))
 9 SYSTEMPATH\CodeIgniter.php(366): CodeIgniter\CodeIgniter->handleRequest(null, Object(Config\Cache), false)
10 FCPATH\index.php(67): CodeIgniter\CodeIgniter->run()
CRITICAL - 2023-08-21 05:30:24 --> include(Dancepricing.php): Failed to open stream: No such file or directory
in APPPATH\Views\Dance.php on line 381.
 1 APPPATH\Views\Dance.php(381): CodeIgniter\Debug\Exceptions->errorHandler(2, 'include(Dancepricing.php): Failed to open stream: No such file or directory', 'C:\\xampp\\htdocs\\enatyam\\app\\Views\\Dance.php', 381)
 2 APPPATH\Views\Dance.php(381): include()
 3 SYSTEMPATH\View\View.php(224): include('C:\\xampp\\htdocs\\enatyam\\app\\Views\\Dance.php')
 4 SYSTEMPATH\View\View.php(227): CodeIgniter\View\View->CodeIgniter\View\{closure}()
 5 SYSTEMPATH\Common.php(1180): CodeIgniter\View\View->render('Dance', [], true)
 6 APPPATH\Controllers\Home.php(40): view('Dance')
 7 SYSTEMPATH\CodeIgniter.php(932): App\Controllers\Home->Dance()
 8 SYSTEMPATH\CodeIgniter.php(497): CodeIgniter\CodeIgniter->runController(Object(App\Controllers\Home))
 9 SYSTEMPATH\CodeIgniter.php(366): CodeIgniter\CodeIgniter->handleRequest(null, Object(Config\Cache), false)
10 FCPATH\index.php(67): CodeIgniter\CodeIgniter->run()
CRITICAL - 2023-08-21 05:30:24 --> include(Dancepricing.php): Failed to open stream: No such file or directory
in APPPATH\Views\Dance.php on line 381.
 1 APPPATH\Views\Dance.php(381): CodeIgniter\Debug\Exceptions->errorHandler(2, 'include(Dancepricing.php): Failed to open stream: No such file or directory', 'C:\\xampp\\htdocs\\enatyam\\app\\Views\\Dance.php', 381)
 2 APPPATH\Views\Dance.php(381): include()
 3 SYSTEMPATH\View\View.php(224): include('C:\\xampp\\htdocs\\enatyam\\app\\Views\\Dance.php')
 4 SYSTEMPATH\View\View.php(227): CodeIgniter\View\View->CodeIgniter\View\{closure}()
 5 SYSTEMPATH\Common.php(1180): CodeIgniter\View\View->render('Dance', [], true)
 6 APPPATH\Controllers\Home.php(40): view('Dance')
 7 SYSTEMPATH\CodeIgniter.php(932): App\Controllers\Home->Dance()
 8 SYSTEMPATH\CodeIgniter.php(497): CodeIgniter\CodeIgniter->runController(Object(App\Controllers\Home))
 9 SYSTEMPATH\CodeIgniter.php(366): CodeIgniter\CodeIgniter->handleRequest(null, Object(Config\Cache), false)
10 FCPATH\index.php(67): CodeIgniter\CodeIgniter->run()
CRITICAL - 2023-08-21 05:30:37 --> include(Dancepricing.php): Failed to open stream: No such file or directory
in APPPATH\Views\Dance.php on line 381.
 1 APPPATH\Views\Dance.php(381): CodeIgniter\Debug\Exceptions->errorHandler(2, 'include(Dancepricing.php): Failed to open stream: No such file or directory', 'C:\\xampp\\htdocs\\enatyam\\app\\Views\\Dance.php', 381)
 2 APPPATH\Views\Dance.php(381): include()
 3 SYSTEMPATH\View\View.php(224): include('C:\\xampp\\htdocs\\enatyam\\app\\Views\\Dance.php')
 4 SYSTEMPATH\View\View.php(227): CodeIgniter\View\View->CodeIgniter\View\{closure}()
 5 SYSTEMPATH\Common.php(1180): CodeIgniter\View\View->render('Dance', [], true)
 6 APPPATH\Controllers\Home.php(40): view('Dance')
 7 SYSTEMPATH\CodeIgniter.php(932): App\Controllers\Home->Dance()
 8 SYSTEMPATH\CodeIgniter.php(497): CodeIgniter\CodeIgniter->runController(Object(App\Controllers\Home))
 9 SYSTEMPATH\CodeIgniter.php(366): CodeIgniter\CodeIgniter->handleRequest(null, Object(Config\Cache), false)
10 FCPATH\index.php(67): CodeIgniter\CodeIgniter->run()
CRITICAL - 2023-08-21 05:41:17 --> Invalid file: "StartNowPricing.php"
in SYSTEMPATH\Exceptions\FrameworkException.php on line 33.
 1 SYSTEMPATH\View\View.php(212): CodeIgniter\Exceptions\FrameworkException::forInvalidFile('StartNowPricing.php')
 2 SYSTEMPATH\Common.php(1180): CodeIgniter\View\View->render('StartNowPricing', [], true)
 3 APPPATH\Controllers\Home.php(70): view('StartNowPricing')
 4 SYSTEMPATH\CodeIgniter.php(932): App\Controllers\Home->StartNowPricing()
 5 SYSTEMPATH\CodeIgniter.php(497): CodeIgniter\CodeIgniter->runController(Object(App\Controllers\Home))
 6 SYSTEMPATH\CodeIgniter.php(366): CodeIgniter\CodeIgniter->handleRequest(null, Object(Config\Cache), false)
 7 FCPATH\index.php(67): CodeIgniter\CodeIgniter->run()
CRITICAL - 2023-08-21 06:43:57 --> Class "App\Models\FreeDemoModel" not found
in APPPATH\Controllers\FreeDemoController.php on line 11.
 1 SYSTEMPATH\CodeIgniter.php(904): App\Controllers\FreeDemoController->__construct()
 2 SYSTEMPATH\CodeIgniter.php(488): CodeIgniter\CodeIgniter->createController()
 3 SYSTEMPATH\CodeIgniter.php(366): CodeIgniter\CodeIgniter->handleRequest(null, Object(Config\Cache), false)
 4 FCPATH\index.php(67): CodeIgniter\CodeIgniter->run()
ERROR - 2023-08-21 08:54:23 --> Error connecting to the database: mysqli_sql_exception: Access denied for user ''@'localhost' (using password: NO) in C:\xampp\htdocs\enatyam\system\Database\MySQLi\Connection.php:173
Stack trace:
#0 C:\xampp\htdocs\enatyam\system\Database\MySQLi\Connection.php(173): mysqli->real_connect('localhost', '', Object(SensitiveParameterValue), 'enatyam', 3306, '', 0)
#1 C:\xampp\htdocs\enatyam\system\Database\BaseConnection.php(391): CodeIgniter\Database\MySQLi\Connection->connect(false)
#2 C:\xampp\htdocs\enatyam\system\Database\BaseConnection.php(574): CodeIgniter\Database\BaseConnection->initialize()
#3 C:\xampp\htdocs\enatyam\system\Database\BaseBuilder.php(2309): CodeIgniter\Database\BaseConnection->query('INSERT INTO `fr...', Array, false)
#4 C:\xampp\htdocs\enatyam\system\Model.php(330): CodeIgniter\Database\BaseBuilder->insert()
#5 C:\xampp\htdocs\enatyam\system\BaseModel.php(782): CodeIgniter\Model->doInsert(Array)
#6 C:\xampp\htdocs\enatyam\system\Model.php(730): CodeIgniter\BaseModel->insert(Array, true)
#7 C:\xampp\htdocs\enatyam\app\Controllers\DemoController.php(22): CodeIgniter\Model->insert(Array)
#8 C:\xampp\htdocs\enatyam\system\CodeIgniter.php(932): App\Controllers\DemoController->bookDemo()
#9 C:\xampp\htdocs\enatyam\system\CodeIgniter.php(497): CodeIgniter\CodeIgniter->runController(Object(App\Controllers\DemoController))
#10 C:\xampp\htdocs\enatyam\system\CodeIgniter.php(366): CodeIgniter\CodeIgniter->handleRequest(NULL, Object(Config\Cache), false)
#11 C:\xampp\htdocs\enatyam\index.php(67): CodeIgniter\CodeIgniter->run()
#12 {main}

Next CodeIgniter\Database\Exceptions\DatabaseException: Access denied for user ''@'localhost' (using password: NO) in C:\xampp\htdocs\enatyam\system\Database\MySQLi\Connection.php:218
Stack trace:
#0 C:\xampp\htdocs\enatyam\system\Database\BaseConnection.php(391): CodeIgniter\Database\MySQLi\Connection->connect(false)
#1 C:\xampp\htdocs\enatyam\system\Database\BaseConnection.php(574): CodeIgniter\Database\BaseConnection->initialize()
#2 C:\xampp\htdocs\enatyam\system\Database\BaseBuilder.php(2309): CodeIgniter\Database\BaseConnection->query('INSERT INTO `fr...', Array, false)
#3 C:\xampp\htdocs\enatyam\system\Model.php(330): CodeIgniter\Database\BaseBuilder->insert()
#4 C:\xampp\htdocs\enatyam\system\BaseModel.php(782): CodeIgniter\Model->doInsert(Array)
#5 C:\xampp\htdocs\enatyam\system\Model.php(730): CodeIgniter\BaseModel->insert(Array, true)
#6 C:\xampp\htdocs\enatyam\app\Controllers\DemoController.php(22): CodeIgniter\Model->insert(Array)
#7 C:\xampp\htdocs\enatyam\system\CodeIgniter.php(932): App\Controllers\DemoController->bookDemo()
#8 C:\xampp\htdocs\enatyam\system\CodeIgniter.php(497): CodeIgniter\CodeIgniter->runController(Object(App\Controllers\DemoController))
#9 C:\xampp\htdocs\enatyam\system\CodeIgniter.php(366): CodeIgniter\CodeIgniter->handleRequest(NULL, Object(Config\Cache), false)
#10 C:\xampp\htdocs\enatyam\index.php(67): CodeIgniter\CodeIgniter->run()
#11 {main}
CRITICAL - 2023-08-21 08:54:23 --> Unable to connect to the database.
Main connection [MySQLi]: Access denied for user ''@'localhost' (using password: NO)
in SYSTEMPATH\Database\BaseConnection.php on line 427.
 1 SYSTEMPATH\Database\BaseConnection.php(574): CodeIgniter\Database\BaseConnection->initialize()
 2 SYSTEMPATH\Database\BaseBuilder.php(2309): CodeIgniter\Database\BaseConnection->query('INSERT INTO `free_demo_table` (`your_name`, `your_email`, `phone`, `course`) VALUES (:your_name:, :your_email:, :phone:, :course:)', [...], false)
 3 SYSTEMPATH\Model.php(330): CodeIgniter\Database\BaseBuilder->insert()
 4 SYSTEMPATH\BaseModel.php(782): CodeIgniter\Model->doInsert([...])
 5 SYSTEMPATH\Model.php(730): CodeIgniter\BaseModel->insert([...], true)
 6 APPPATH\Controllers\DemoController.php(22): CodeIgniter\Model->insert([...])
 7 SYSTEMPATH\CodeIgniter.php(932): App\Controllers\DemoController->bookDemo()
 8 SYSTEMPATH\CodeIgniter.php(497): CodeIgniter\CodeIgniter->runController(Object(App\Controllers\DemoController))
 9 SYSTEMPATH\CodeIgniter.php(366): CodeIgniter\CodeIgniter->handleRequest(null, Object(Config\Cache), false)
10 FCPATH\index.php(67): CodeIgniter\CodeIgniter->run()
ERROR - 2023-08-21 08:55:01 --> mysqli_sql_exception: Unknown column 'your_name' in 'field list' in C:\xampp\htdocs\enatyam\system\Database\MySQLi\Connection.php:295
Stack trace:
#0 C:\xampp\htdocs\enatyam\system\Database\MySQLi\Connection.php(295): mysqli->query('INSERT INTO `fr...', 0)
#1 C:\xampp\htdocs\enatyam\system\Database\BaseConnection.php(692): CodeIgniter\Database\MySQLi\Connection->execute('INSERT INTO `fr...')
#2 C:\xampp\htdocs\enatyam\system\Database\BaseConnection.php(606): CodeIgniter\Database\BaseConnection->simpleQuery('INSERT INTO `fr...')
#3 C:\xampp\htdocs\enatyam\system\Database\BaseBuilder.php(2309): CodeIgniter\Database\BaseConnection->query('INSERT INTO `fr...', Array, false)
#4 C:\xampp\htdocs\enatyam\system\Model.php(330): CodeIgniter\Database\BaseBuilder->insert()
#5 C:\xampp\htdocs\enatyam\system\BaseModel.php(782): CodeIgniter\Model->doInsert(Array)
#6 C:\xampp\htdocs\enatyam\system\Model.php(730): CodeIgniter\BaseModel->insert(Array, true)
#7 C:\xampp\htdocs\enatyam\app\Controllers\DemoController.php(22): CodeIgniter\Model->insert(Array)
#8 C:\xampp\htdocs\enatyam\system\CodeIgniter.php(932): App\Controllers\DemoController->bookDemo()
#9 C:\xampp\htdocs\enatyam\system\CodeIgniter.php(497): CodeIgniter\CodeIgniter->runController(Object(App\Controllers\DemoController))
#10 C:\xampp\htdocs\enatyam\system\CodeIgniter.php(366): CodeIgniter\CodeIgniter->handleRequest(NULL, Object(Config\Cache), false)
#11 C:\xampp\htdocs\enatyam\index.php(67): CodeIgniter\CodeIgniter->run()
#12 {main}
CRITICAL - 2023-08-21 08:55:01 --> Unknown column 'your_name' in 'field list'
in SYSTEMPATH\Database\MySQLi\Connection.php on line 295.
 1 SYSTEMPATH\Database\MySQLi\Connection.php(295): mysqli->query('INSERT INTO `free_demo_table` (`your_name`, `your_email`, `phone`, `course`) VALUES (\'anhjd\', \'siddheshkadge123@gmail.com\', \'1212121212\', \'Dance\')', 0)
 2 SYSTEMPATH\Database\BaseConnection.php(692): CodeIgniter\Database\MySQLi\Connection->execute('INSERT INTO `free_demo_table` (`your_name`, `your_email`, `phone`, `course`) VALUES (\'anhjd\', \'siddheshkadge123@gmail.com\', \'1212121212\', \'Dance\')')
 3 SYSTEMPATH\Database\BaseConnection.php(606): CodeIgniter\Database\BaseConnection->simpleQuery('INSERT INTO `free_demo_table` (`your_name`, `your_email`, `phone`, `course`) VALUES (\'anhjd\', \'siddheshkadge123@gmail.com\', \'1212121212\', \'Dance\')')
 4 SYSTEMPATH\Database\BaseBuilder.php(2309): CodeIgniter\Database\BaseConnection->query('INSERT INTO `free_demo_table` (`your_name`, `your_email`, `phone`, `course`) VALUES (:your_name:, :your_email:, :phone:, :course:)', [...], false)
 5 SYSTEMPATH\Model.php(330): CodeIgniter\Database\BaseBuilder->insert()
 6 SYSTEMPATH\BaseModel.php(782): CodeIgniter\Model->doInsert([...])
 7 SYSTEMPATH\Model.php(730): CodeIgniter\BaseModel->insert([...], true)
 8 APPPATH\Controllers\DemoController.php(22): CodeIgniter\Model->insert([...])
 9 SYSTEMPATH\CodeIgniter.php(932): App\Controllers\DemoController->bookDemo()
10 SYSTEMPATH\CodeIgniter.php(497): CodeIgniter\CodeIgniter->runController(Object(App\Controllers\DemoController))
11 SYSTEMPATH\CodeIgniter.php(366): CodeIgniter\CodeIgniter->handleRequest(null, Object(Config\Cache), false)
12 FCPATH\index.php(67): CodeIgniter\CodeIgniter->run()
CRITICAL - 2023-08-21 08:55:35 --> Invalid file: "demo_form.php"
in SYSTEMPATH\Exceptions\FrameworkException.php on line 33.
 1 SYSTEMPATH\View\View.php(212): CodeIgniter\Exceptions\FrameworkException::forInvalidFile('demo_form.php')
 2 SYSTEMPATH\Common.php(1180): CodeIgniter\View\View->render('demo_form', [], true)
 3 APPPATH\Controllers\DemoController.php(27): view('demo_form')
 4 SYSTEMPATH\CodeIgniter.php(932): App\Controllers\DemoController->bookDemo()
 5 SYSTEMPATH\CodeIgniter.php(497): CodeIgniter\CodeIgniter->runController(Object(App\Controllers\DemoController))
 6 SYSTEMPATH\CodeIgniter.php(366): CodeIgniter\CodeIgniter->handleRequest(null, Object(Config\Cache), false)
 7 FCPATH\index.php(67): CodeIgniter\CodeIgniter->run()
CRITICAL - 2023-08-21 08:56:29 --> Invalid file: "demo_form.php"
in SYSTEMPATH\Exceptions\FrameworkException.php on line 33.
 1 SYSTEMPATH\View\View.php(212): CodeIgniter\Exceptions\FrameworkException::forInvalidFile('demo_form.php')
 2 SYSTEMPATH\Common.php(1180): CodeIgniter\View\View->render('demo_form', [], true)
 3 APPPATH\Controllers\DemoController.php(27): view('demo_form')
 4 SYSTEMPATH\CodeIgniter.php(932): App\Controllers\DemoController->bookDemo()
 5 SYSTEMPATH\CodeIgniter.php(497): CodeIgniter\CodeIgniter->runController(Object(App\Controllers\DemoController))
 6 SYSTEMPATH\CodeIgniter.php(366): CodeIgniter\CodeIgniter->handleRequest(null, Object(Config\Cache), false)
 7 FCPATH\index.php(67): CodeIgniter\CodeIgniter->run()
ERROR - 2023-08-21 08:57:06 --> mysqli_sql_exception: Duplicate entry 'siddheshkadge123@gmail.com' for key 'email' in C:\xampp\htdocs\enatyam\system\Database\MySQLi\Connection.php:295
Stack trace:
#0 C:\xampp\htdocs\enatyam\system\Database\MySQLi\Connection.php(295): mysqli->query('INSERT INTO `fr...', 0)
#1 C:\xampp\htdocs\enatyam\system\Database\BaseConnection.php(692): CodeIgniter\Database\MySQLi\Connection->execute('INSERT INTO `fr...')
#2 C:\xampp\htdocs\enatyam\system\Database\BaseConnection.php(606): CodeIgniter\Database\BaseConnection->simpleQuery('INSERT INTO `fr...')
#3 C:\xampp\htdocs\enatyam\system\Database\BaseBuilder.php(2309): CodeIgniter\Database\BaseConnection->query('INSERT INTO `fr...', Array, false)
#4 C:\xampp\htdocs\enatyam\system\Model.php(330): CodeIgniter\Database\BaseBuilder->insert()
#5 C:\xampp\htdocs\enatyam\system\BaseModel.php(782): CodeIgniter\Model->doInsert(Array)
#6 C:\xampp\htdocs\enatyam\system\Model.php(730): CodeIgniter\BaseModel->insert(Array, true)
#7 C:\xampp\htdocs\enatyam\app\Controllers\DemoController.php(22): CodeIgniter\Model->insert(Array)
#8 C:\xampp\htdocs\enatyam\system\CodeIgniter.php(932): App\Controllers\DemoController->bookDemo()
#9 C:\xampp\htdocs\enatyam\system\CodeIgniter.php(497): CodeIgniter\CodeIgniter->runController(Object(App\Controllers\DemoController))
#10 C:\xampp\htdocs\enatyam\system\CodeIgniter.php(366): CodeIgniter\CodeIgniter->handleRequest(NULL, Object(Config\Cache), false)
#11 C:\xampp\htdocs\enatyam\index.php(67): CodeIgniter\CodeIgniter->run()
#12 {main}
CRITICAL - 2023-08-21 08:57:06 --> Duplicate entry 'siddheshkadge123@gmail.com' for key 'email'
in SYSTEMPATH\Database\MySQLi\Connection.php on line 295.
 1 SYSTEMPATH\Database\MySQLi\Connection.php(295): mysqli->query('INSERT INTO `free_demo_table` (`name`, `email`, `phone`, `course`) VALUES (\'anhjd\', \'siddheshkadge123@gmail.com\', \'1212121212\', \'Dance\')', 0)
 2 SYSTEMPATH\Database\BaseConnection.php(692): CodeIgniter\Database\MySQLi\Connection->execute('INSERT INTO `free_demo_table` (`name`, `email`, `phone`, `course`) VALUES (\'anhjd\', \'siddheshkadge123@gmail.com\', \'1212121212\', \'Dance\')')
 3 SYSTEMPATH\Database\BaseConnection.php(606): CodeIgniter\Database\BaseConnection->simpleQuery('INSERT INTO `free_demo_table` (`name`, `email`, `phone`, `course`) VALUES (\'anhjd\', \'siddheshkadge123@gmail.com\', \'1212121212\', \'Dance\')')
 4 SYSTEMPATH\Database\BaseBuilder.php(2309): CodeIgniter\Database\BaseConnection->query('INSERT INTO `free_demo_table` (`name`, `email`, `phone`, `course`) VALUES (:name:, :email:, :phone:, :course:)', [...], false)
 5 SYSTEMPATH\Model.php(330): CodeIgniter\Database\BaseBuilder->insert()
 6 SYSTEMPATH\BaseModel.php(782): CodeIgniter\Model->doInsert([...])
 7 SYSTEMPATH\Model.php(730): CodeIgniter\BaseModel->insert([...], true)
 8 APPPATH\Controllers\DemoController.php(22): CodeIgniter\Model->insert([...])
 9 SYSTEMPATH\CodeIgniter.php(932): App\Controllers\DemoController->bookDemo()
10 SYSTEMPATH\CodeIgniter.php(497): CodeIgniter\CodeIgniter->runController(Object(App\Controllers\DemoController))
11 SYSTEMPATH\CodeIgniter.php(366): CodeIgniter\CodeIgniter->handleRequest(null, Object(Config\Cache), false)
12 FCPATH\index.php(67): CodeIgniter\CodeIgniter->run()
CRITICAL - 2023-08-21 09:29:04 --> Undefined variable $validationMessages
in APPPATH\Controllers\DemoController.php on line 47.
 1 APPPATH\Controllers\DemoController.php(47): CodeIgniter\Debug\Exceptions->errorHandler(2, 'Undefined variable $validationMessages', 'C:\\xampp\\htdocs\\enatyam\\app\\Controllers\\DemoController.php', 47)
 2 SYSTEMPATH\CodeIgniter.php(932): App\Controllers\DemoController->bookDemo()
 3 SYSTEMPATH\CodeIgniter.php(497): CodeIgniter\CodeIgniter->runController(Object(App\Controllers\DemoController))
 4 SYSTEMPATH\CodeIgniter.php(366): CodeIgniter\CodeIgniter->handleRequest(null, Object(Config\Cache), false)
 5 FCPATH\index.php(67): CodeIgniter\CodeIgniter->run()
CRITICAL - 2023-08-21 09:29:36 --> Undefined variable $validationMessages
in APPPATH\Controllers\DemoController.php on line 47.
 1 APPPATH\Controllers\DemoController.php(47): CodeIgniter\Debug\Exceptions->errorHandler(2, 'Undefined variable $validationMessages', 'C:\\xampp\\htdocs\\enatyam\\app\\Controllers\\DemoController.php', 47)
 2 SYSTEMPATH\CodeIgniter.php(932): App\Controllers\DemoController->bookDemo()
 3 SYSTEMPATH\CodeIgniter.php(497): CodeIgniter\CodeIgniter->runController(Object(App\Controllers\DemoController))
 4 SYSTEMPATH\CodeIgniter.php(366): CodeIgniter\CodeIgniter->handleRequest(null, Object(Config\Cache), false)
 5 FCPATH\index.php(67): CodeIgniter\CodeIgniter->run()
ERROR - 2023-08-21 09:31:28 --> mysqli_sql_exception: Duplicate entry 'siddheshkadge123@gmail.com' for key 'email' in C:\xampp\htdocs\enatyam\system\Database\MySQLi\Connection.php:295
Stack trace:
#0 C:\xampp\htdocs\enatyam\system\Database\MySQLi\Connection.php(295): mysqli->query('INSERT INTO `fr...', 0)
#1 C:\xampp\htdocs\enatyam\system\Database\BaseConnection.php(692): CodeIgniter\Database\MySQLi\Connection->execute('INSERT INTO `fr...')
#2 C:\xampp\htdocs\enatyam\system\Database\BaseConnection.php(606): CodeIgniter\Database\BaseConnection->simpleQuery('INSERT INTO `fr...')
#3 C:\xampp\htdocs\enatyam\system\Database\BaseBuilder.php(2309): CodeIgniter\Database\BaseConnection->query('INSERT INTO `fr...', Array, false)
#4 C:\xampp\htdocs\enatyam\system\Model.php(330): CodeIgniter\Database\BaseBuilder->insert()
#5 C:\xampp\htdocs\enatyam\system\BaseModel.php(782): CodeIgniter\Model->doInsert(Array)
#6 C:\xampp\htdocs\enatyam\system\Model.php(730): CodeIgniter\BaseModel->insert(Array, true)
#7 C:\xampp\htdocs\enatyam\app\Controllers\DemoController.php(72): CodeIgniter\Model->insert(Array)
#8 C:\xampp\htdocs\enatyam\system\CodeIgniter.php(932): App\Controllers\DemoController->bookDemo()
#9 C:\xampp\htdocs\enatyam\system\CodeIgniter.php(497): CodeIgniter\CodeIgniter->runController(Object(App\Controllers\DemoController))
#10 C:\xampp\htdocs\enatyam\system\CodeIgniter.php(366): CodeIgniter\CodeIgniter->handleRequest(NULL, Object(Config\Cache), false)
#11 C:\xampp\htdocs\enatyam\index.php(67): CodeIgniter\CodeIgniter->run()
#12 {main}
CRITICAL - 2023-08-21 09:31:28 --> Duplicate entry 'siddheshkadge123@gmail.com' for key 'email'
in SYSTEMPATH\Database\MySQLi\Connection.php on line 295.
 1 SYSTEMPATH\Database\MySQLi\Connection.php(295): mysqli->query('INSERT INTO `free_demo_table` (`name`, `email`, `phone`, `course`) VALUES (\'anhjd\', \'siddheshkadge123@gmail.com\', \'1212121212\', \'Instruments\')', 0)
 2 SYSTEMPATH\Database\BaseConnection.php(692): CodeIgniter\Database\MySQLi\Connection->execute('INSERT INTO `free_demo_table` (`name`, `email`, `phone`, `course`) VALUES (\'anhjd\', \'siddheshkadge123@gmail.com\', \'1212121212\', \'Instruments\')')
 3 SYSTEMPATH\Database\BaseConnection.php(606): CodeIgniter\Database\BaseConnection->simpleQuery('INSERT INTO `free_demo_table` (`name`, `email`, `phone`, `course`) VALUES (\'anhjd\', \'siddheshkadge123@gmail.com\', \'1212121212\', \'Instruments\')')
 4 SYSTEMPATH\Database\BaseBuilder.php(2309): CodeIgniter\Database\BaseConnection->query('INSERT INTO `free_demo_table` (`name`, `email`, `phone`, `course`) VALUES (:name:, :email:, :phone:, :course:)', [...], false)
 5 SYSTEMPATH\Model.php(330): CodeIgniter\Database\BaseBuilder->insert()
 6 SYSTEMPATH\BaseModel.php(782): CodeIgniter\Model->doInsert([...])
 7 SYSTEMPATH\Model.php(730): CodeIgniter\BaseModel->insert([...], true)
 8 APPPATH\Controllers\DemoController.php(72): CodeIgniter\Model->insert([...])
 9 SYSTEMPATH\CodeIgniter.php(932): App\Controllers\DemoController->bookDemo()
10 SYSTEMPATH\CodeIgniter.php(497): CodeIgniter\CodeIgniter->runController(Object(App\Controllers\DemoController))
11 SYSTEMPATH\CodeIgniter.php(366): CodeIgniter\CodeIgniter->handleRequest(null, Object(Config\Cache), false)
12 FCPATH\index.php(67): CodeIgniter\CodeIgniter->run()
CRITICAL - 2023-08-21 09:42:10 --> "valid_number" is not a valid rule.
in SYSTEMPATH\Validation\Validation.php on line 286.
 1 SYSTEMPATH\Validation\Validation.php(286): CodeIgniter\Validation\Exceptions\ValidationException::forRuleNotFound('valid_number')
 2 SYSTEMPATH\Validation\Validation.php(182): CodeIgniter\Validation\Validation->processRules('phone', 'phone', 'sdf', [...], [...])
 3 APPPATH\Controllers\DemoController.php(53): CodeIgniter\Validation\Validation->run()
 4 SYSTEMPATH\CodeIgniter.php(932): App\Controllers\DemoController->bookDemo()
 5 SYSTEMPATH\CodeIgniter.php(497): CodeIgniter\CodeIgniter->runController(Object(App\Controllers\DemoController))
 6 SYSTEMPATH\CodeIgniter.php(366): CodeIgniter\CodeIgniter->handleRequest(null, Object(Config\Cache), false)
 7 FCPATH\index.php(67): CodeIgniter\CodeIgniter->run()
CRITICAL - 2023-08-21 09:43:55 --> "FILTER_SANITIZE_NUMBER_INT" is not a valid rule.
in SYSTEMPATH\Validation\Validation.php on line 286.
 1 SYSTEMPATH\Validation\Validation.php(286): CodeIgniter\Validation\Exceptions\ValidationException::forRuleNotFound('FILTER_SANITIZE_NUMBER_INT')
 2 SYSTEMPATH\Validation\Validation.php(182): CodeIgniter\Validation\Validation->processRules('phone', 'phone', 'fdsf', [...], [...])
 3 APPPATH\Controllers\DemoController.php(53): CodeIgniter\Validation\Validation->run()
 4 SYSTEMPATH\CodeIgniter.php(932): App\Controllers\DemoController->bookDemo()
 5 SYSTEMPATH\CodeIgniter.php(497): CodeIgniter\CodeIgniter->runController(Object(App\Controllers\DemoController))
 6 SYSTEMPATH\CodeIgniter.php(366): CodeIgniter\CodeIgniter->handleRequest(null, Object(Config\Cache), false)
 7 FCPATH\index.php(67): CodeIgniter\CodeIgniter->run()
CRITICAL - 2023-08-21 09:49:10 --> "if (!preg_match ("/^" is not a valid rule.
in SYSTEMPATH\Validation\Validation.php on line 286.
 1 SYSTEMPATH\Validation\Validation.php(286): CodeIgniter\Validation\Exceptions\ValidationException::forRuleNotFound('if (!preg_match ("/^')
 2 SYSTEMPATH\Validation\Validation.php(182): CodeIgniter\Validation\Validation->processRules('phone', 'phone', 'sdf', [...], [...])
 3 APPPATH\Controllers\DemoController.php(63): CodeIgniter\Validation\Validation->run()
 4 SYSTEMPATH\CodeIgniter.php(932): App\Controllers\DemoController->bookDemo()
 5 SYSTEMPATH\CodeIgniter.php(497): CodeIgniter\CodeIgniter->runController(Object(App\Controllers\DemoController))
 6 SYSTEMPATH\CodeIgniter.php(366): CodeIgniter\CodeIgniter->handleRequest(null, Object(Config\Cache), false)
 7 FCPATH\index.php(67): CodeIgniter\CodeIgniter->run()
CRITICAL - 2023-08-21 09:49:20 --> "if (!preg_match ("/^" is not a valid rule.
in SYSTEMPATH\Validation\Validation.php on line 286.
 1 SYSTEMPATH\Validation\Validation.php(286): CodeIgniter\Validation\Exceptions\ValidationException::forRuleNotFound('if (!preg_match ("/^')
 2 SYSTEMPATH\Validation\Validation.php(182): CodeIgniter\Validation\Validation->processRules('phone', 'phone', '', [...], [...])
 3 APPPATH\Controllers\DemoController.php(63): CodeIgniter\Validation\Validation->run()
 4 SYSTEMPATH\CodeIgniter.php(932): App\Controllers\DemoController->bookDemo()
 5 SYSTEMPATH\CodeIgniter.php(497): CodeIgniter\CodeIgniter->runController(Object(App\Controllers\DemoController))
 6 SYSTEMPATH\CodeIgniter.php(366): CodeIgniter\CodeIgniter->handleRequest(null, Object(Config\Cache), false)
 7 FCPATH\index.php(67): CodeIgniter\CodeIgniter->run()
CRITICAL - 2023-08-21 09:57:02 --> syntax error, unexpected token "return", expecting "function" or "const"
in APPPATH\Controllers\DemoController.php on line 68.
 1 SYSTEMPATH\Autoloader\Autoloader.php(289): CodeIgniter\Autoloader\Autoloader->includeFile('C:\\xampp\\htdocs\\enatyam\\app\\Controllers\\DemoController.php')
 2 SYSTEMPATH\Autoloader\Autoloader.php(267): CodeIgniter\Autoloader\Autoloader->loadInNamespace('App\\Controllers\\DemoController')
 3 [internal function]: CodeIgniter\Autoloader\Autoloader->loadClass('App\\Controllers\\DemoController')
 4 SYSTEMPATH\CodeIgniter.php(890): class_exists('\\App\\Controllers\\DemoController', true)
 5 SYSTEMPATH\CodeIgniter.php(484): CodeIgniter\CodeIgniter->startController()
 6 SYSTEMPATH\CodeIgniter.php(366): CodeIgniter\CodeIgniter->handleRequest(null, Object(Config\Cache), false)
 7 FCPATH\index.php(67): CodeIgniter\CodeIgniter->run()
CRITICAL - 2023-08-21 09:57:35 --> CodeIgniter\Validation\Validation::setRules(): Argument #1 ($rules) must be of type array, CodeIgniter\Validation\Validation given, called in C:\xampp\htdocs\enatyam\system\Controller.php on line 184
in SYSTEMPATH\Validation\Validation.php on line 521.
 1 SYSTEMPATH\Controller.php(184): CodeIgniter\Validation\Validation->setRules(Object(CodeIgniter\Validation\Validation), [])
 2 SYSTEMPATH\Controller.php(138): CodeIgniter\Controller->setValidator(Object(CodeIgniter\Validation\Validation), [])
 3 APPPATH\Controllers\DemoController.php(54): CodeIgniter\Controller->validate(Object(CodeIgniter\Validation\Validation))
 4 SYSTEMPATH\CodeIgniter.php(932): App\Controllers\DemoController->bookDemo()
 5 SYSTEMPATH\CodeIgniter.php(497): CodeIgniter\CodeIgniter->runController(Object(App\Controllers\DemoController))
 6 SYSTEMPATH\CodeIgniter.php(366): CodeIgniter\CodeIgniter->handleRequest(null, Object(Config\Cache), false)
 7 FCPATH\index.php(67): CodeIgniter\CodeIgniter->run()
ERROR - 2023-08-21 10:00:19 --> mysqli_sql_exception: Duplicate entry 'jskl@gmail.com' for key 'email' in C:\xampp\htdocs\enatyam\system\Database\MySQLi\Connection.php:295
Stack trace:
#0 C:\xampp\htdocs\enatyam\system\Database\MySQLi\Connection.php(295): mysqli->query('INSERT INTO `fr...', 0)
#1 C:\xampp\htdocs\enatyam\system\Database\BaseConnection.php(692): CodeIgniter\Database\MySQLi\Connection->execute('INSERT INTO `fr...')
#2 C:\xampp\htdocs\enatyam\system\Database\BaseConnection.php(606): CodeIgniter\Database\BaseConnection->simpleQuery('INSERT INTO `fr...')
#3 C:\xampp\htdocs\enatyam\system\Database\BaseBuilder.php(2309): CodeIgniter\Database\BaseConnection->query('INSERT INTO `fr...', Array, false)
#4 C:\xampp\htdocs\enatyam\system\Model.php(330): CodeIgniter\Database\BaseBuilder->insert()
#5 C:\xampp\htdocs\enatyam\system\BaseModel.php(782): CodeIgniter\Model->doInsert(Array)
#6 C:\xampp\htdocs\enatyam\system\Model.php(730): CodeIgniter\BaseModel->insert(Array, true)
#7 C:\xampp\htdocs\enatyam\app\Controllers\DemoController.php(22): CodeIgniter\Model->insert(Array)
#8 C:\xampp\htdocs\enatyam\system\CodeIgniter.php(932): App\Controllers\DemoController->bookDemo()
#9 C:\xampp\htdocs\enatyam\system\CodeIgniter.php(497): CodeIgniter\CodeIgniter->runController(Object(App\Controllers\DemoController))
#10 C:\xampp\htdocs\enatyam\system\CodeIgniter.php(366): CodeIgniter\CodeIgniter->handleRequest(NULL, Object(Config\Cache), false)
#11 C:\xampp\htdocs\enatyam\index.php(67): CodeIgniter\CodeIgniter->run()
#12 {main}
CRITICAL - 2023-08-21 10:00:19 --> Duplicate entry 'jskl@gmail.com' for key 'email'
in SYSTEMPATH\Database\MySQLi\Connection.php on line 295.
 1 SYSTEMPATH\Database\MySQLi\Connection.php(295): mysqli->query('INSERT INTO `free_demo_table` (`name`, `email`, `phone`, `course`) VALUES (\'sd\', \'jskl@gmail.com\', \'fdsf\', \'Music\')', 0)
 2 SYSTEMPATH\Database\BaseConnection.php(692): CodeIgniter\Database\MySQLi\Connection->execute('INSERT INTO `free_demo_table` (`name`, `email`, `phone`, `course`) VALUES (\'sd\', \'jskl@gmail.com\', \'fdsf\', \'Music\')')
 3 SYSTEMPATH\Database\BaseConnection.php(606): CodeIgniter\Database\BaseConnection->simpleQuery('INSERT INTO `free_demo_table` (`name`, `email`, `phone`, `course`) VALUES (\'sd\', \'jskl@gmail.com\', \'fdsf\', \'Music\')')
 4 SYSTEMPATH\Database\BaseBuilder.php(2309): CodeIgniter\Database\BaseConnection->query('INSERT INTO `free_demo_table` (`name`, `email`, `phone`, `course`) VALUES (:name:, :email:, :phone:, :course:)', [...], false)
 5 SYSTEMPATH\Model.php(330): CodeIgniter\Database\BaseBuilder->insert()
 6 SYSTEMPATH\BaseModel.php(782): CodeIgniter\Model->doInsert([...])
 7 SYSTEMPATH\Model.php(730): CodeIgniter\BaseModel->insert([...], true)
 8 APPPATH\Controllers\DemoController.php(22): CodeIgniter\Model->insert([...])
 9 SYSTEMPATH\CodeIgniter.php(932): App\Controllers\DemoController->bookDemo()
10 SYSTEMPATH\CodeIgniter.php(497): CodeIgniter\CodeIgniter->runController(Object(App\Controllers\DemoController))
11 SYSTEMPATH\CodeIgniter.php(366): CodeIgniter\CodeIgniter->handleRequest(null, Object(Config\Cache), false)
12 FCPATH\index.php(67): CodeIgniter\CodeIgniter->run()
ERROR - 2023-08-21 10:02:44 --> mysqli_sql_exception: Duplicate entry 'jfskl@gmail.com' for key 'email' in C:\xampp\htdocs\enatyam\system\Database\MySQLi\Connection.php:295
Stack trace:
#0 C:\xampp\htdocs\enatyam\system\Database\MySQLi\Connection.php(295): mysqli->query('INSERT INTO `fr...', 0)
#1 C:\xampp\htdocs\enatyam\system\Database\BaseConnection.php(692): CodeIgniter\Database\MySQLi\Connection->execute('INSERT INTO `fr...')
#2 C:\xampp\htdocs\enatyam\system\Database\BaseConnection.php(606): CodeIgniter\Database\BaseConnection->simpleQuery('INSERT INTO `fr...')
#3 C:\xampp\htdocs\enatyam\system\Database\BaseBuilder.php(2309): CodeIgniter\Database\BaseConnection->query('INSERT INTO `fr...', Array, false)
#4 C:\xampp\htdocs\enatyam\system\Model.php(330): CodeIgniter\Database\BaseBuilder->insert()
#5 C:\xampp\htdocs\enatyam\system\BaseModel.php(782): CodeIgniter\Model->doInsert(Array)
#6 C:\xampp\htdocs\enatyam\system\Model.php(730): CodeIgniter\BaseModel->insert(Array, true)
#7 C:\xampp\htdocs\enatyam\app\Controllers\DemoController.php(22): CodeIgniter\Model->insert(Array)
#8 C:\xampp\htdocs\enatyam\system\CodeIgniter.php(932): App\Controllers\DemoController->bookDemo()
#9 C:\xampp\htdocs\enatyam\system\CodeIgniter.php(497): CodeIgniter\CodeIgniter->runController(Object(App\Controllers\DemoController))
#10 C:\xampp\htdocs\enatyam\system\CodeIgniter.php(366): CodeIgniter\CodeIgniter->handleRequest(NULL, Object(Config\Cache), false)
#11 C:\xampp\htdocs\enatyam\index.php(67): CodeIgniter\CodeIgniter->run()
#12 {main}
CRITICAL - 2023-08-21 10:02:44 --> Duplicate entry 'jfskl@gmail.com' for key 'email'
in SYSTEMPATH\Database\MySQLi\Connection.php on line 295.
 1 SYSTEMPATH\Database\MySQLi\Connection.php(295): mysqli->query('INSERT INTO `free_demo_table` (`name`, `email`, `phone`, `course`) VALUES (\'sd\', \'jfskl@gmail.com\', \'fdsf\', \'Music\')', 0)
 2 SYSTEMPATH\Database\BaseConnection.php(692): CodeIgniter\Database\MySQLi\Connection->execute('INSERT INTO `free_demo_table` (`name`, `email`, `phone`, `course`) VALUES (\'sd\', \'jfskl@gmail.com\', \'fdsf\', \'Music\')')
 3 SYSTEMPATH\Database\BaseConnection.php(606): CodeIgniter\Database\BaseConnection->simpleQuery('INSERT INTO `free_demo_table` (`name`, `email`, `phone`, `course`) VALUES (\'sd\', \'jfskl@gmail.com\', \'fdsf\', \'Music\')')
 4 SYSTEMPATH\Database\BaseBuilder.php(2309): CodeIgniter\Database\BaseConnection->query('INSERT INTO `free_demo_table` (`name`, `email`, `phone`, `course`) VALUES (:name:, :email:, :phone:, :course:)', [...], false)
 5 SYSTEMPATH\Model.php(330): CodeIgniter\Database\BaseBuilder->insert()
 6 SYSTEMPATH\BaseModel.php(782): CodeIgniter\Model->doInsert([...])
 7 SYSTEMPATH\Model.php(730): CodeIgniter\BaseModel->insert([...], true)
 8 APPPATH\Controllers\DemoController.php(22): CodeIgniter\Model->insert([...])
 9 SYSTEMPATH\CodeIgniter.php(932): App\Controllers\DemoController->bookDemo()
10 SYSTEMPATH\CodeIgniter.php(497): CodeIgniter\CodeIgniter->runController(Object(App\Controllers\DemoController))
11 SYSTEMPATH\CodeIgniter.php(366): CodeIgniter\CodeIgniter->handleRequest(null, Object(Config\Cache), false)
12 FCPATH\index.php(67): CodeIgniter\CodeIgniter->run()
INFO - 2023-08-21 10:16:02 --> Session: Class initialized using 'CodeIgniter\Session\Handlers\FileHandler' driver.
ERROR - 2023-08-21 10:21:26 --> mysqli_sql_exception: Duplicate entry 'sid@123gmail.com' for key 'email' in C:\xampp\htdocs\enatyam\system\Database\MySQLi\Connection.php:295
Stack trace:
#0 C:\xampp\htdocs\enatyam\system\Database\MySQLi\Connection.php(295): mysqli->query('INSERT INTO `fr...', 0)
#1 C:\xampp\htdocs\enatyam\system\Database\BaseConnection.php(692): CodeIgniter\Database\MySQLi\Connection->execute('INSERT INTO `fr...')
#2 C:\xampp\htdocs\enatyam\system\Database\BaseConnection.php(606): CodeIgniter\Database\BaseConnection->simpleQuery('INSERT INTO `fr...')
#3 C:\xampp\htdocs\enatyam\system\Database\BaseBuilder.php(2309): CodeIgniter\Database\BaseConnection->query('INSERT INTO `fr...', Array, false)
#4 C:\xampp\htdocs\enatyam\system\Model.php(330): CodeIgniter\Database\BaseBuilder->insert()
#5 C:\xampp\htdocs\enatyam\system\BaseModel.php(782): CodeIgniter\Model->doInsert(Array)
#6 C:\xampp\htdocs\enatyam\system\Model.php(730): CodeIgniter\BaseModel->insert(Array, true)
#7 C:\xampp\htdocs\enatyam\app\Controllers\DemoController.php(22): CodeIgniter\Model->insert(Array)
#8 C:\xampp\htdocs\enatyam\system\CodeIgniter.php(932): App\Controllers\DemoController->bookDemo()
#9 C:\xampp\htdocs\enatyam\system\CodeIgniter.php(497): CodeIgniter\CodeIgniter->runController(Object(App\Controllers\DemoController))
#10 C:\xampp\htdocs\enatyam\system\CodeIgniter.php(366): CodeIgniter\CodeIgniter->handleRequest(NULL, Object(Config\Cache), false)
#11 C:\xampp\htdocs\enatyam\index.php(67): CodeIgniter\CodeIgniter->run()
#12 {main}
CRITICAL - 2023-08-21 10:21:26 --> Duplicate entry 'sid@123gmail.com' for key 'email'
in SYSTEMPATH\Database\MySQLi\Connection.php on line 295.
 1 SYSTEMPATH\Database\MySQLi\Connection.php(295): mysqli->query('INSERT INTO `free_demo_table` (`name`, `email`, `phone`, `course`) VALUES (\'siddhesh\', \'sid@123gmail.com\', \'9325623328\', \'Instruments\')', 0)
 2 SYSTEMPATH\Database\BaseConnection.php(692): CodeIgniter\Database\MySQLi\Connection->execute('INSERT INTO `free_demo_table` (`name`, `email`, `phone`, `course`) VALUES (\'siddhesh\', \'sid@123gmail.com\', \'9325623328\', \'Instruments\')')
 3 SYSTEMPATH\Database\BaseConnection.php(606): CodeIgniter\Database\BaseConnection->simpleQuery('INSERT INTO `free_demo_table` (`name`, `email`, `phone`, `course`) VALUES (\'siddhesh\', \'sid@123gmail.com\', \'9325623328\', \'Instruments\')')
 4 SYSTEMPATH\Database\BaseBuilder.php(2309): CodeIgniter\Database\BaseConnection->query('INSERT INTO `free_demo_table` (`name`, `email`, `phone`, `course`) VALUES (:name:, :email:, :phone:, :course:)', [...], false)
 5 SYSTEMPATH\Model.php(330): CodeIgniter\Database\BaseBuilder->insert()
 6 SYSTEMPATH\BaseModel.php(782): CodeIgniter\Model->doInsert([...])
 7 SYSTEMPATH\Model.php(730): CodeIgniter\BaseModel->insert([...], true)
 8 APPPATH\Controllers\DemoController.php(22): CodeIgniter\Model->insert([...])
 9 SYSTEMPATH\CodeIgniter.php(932): App\Controllers\DemoController->bookDemo()
10 SYSTEMPATH\CodeIgniter.php(497): CodeIgniter\CodeIgniter->runController(Object(App\Controllers\DemoController))
11 SYSTEMPATH\CodeIgniter.php(366): CodeIgniter\CodeIgniter->handleRequest(null, Object(Config\Cache), false)
12 FCPATH\index.php(67): CodeIgniter\CodeIgniter->run()
